[INFO ] 2020-02-07 13:07:51.599 [main] ReaderOfPlanesFromTxtFile - File exists
[INFO ] 2020-02-07 13:07:51.603 [main] ReaderOfPlanesFromTxtFile - File isn't empty. Can initialize array list of strings
[DEBUG] 2020-02-07 13:07:51.604 [main] PlaneFactory - Start creating passenger plane..
[DEBUG] 2020-02-07 13:07:51.605 [main] AirlineServiceImpl - Add to repository: PlaneID-1: typeOfPlane=PASSENGER, passengerCapacity=100, takeoffWeight=3400.0, speed=900.0, flightDistance=2000.0, numberOfStewards=5, typeOfPassengerPlane=ECONOMY
[ERROR] 2020-02-07 13:07:51.605 [main] ValidatorForPlaneParameters - There isn't full information about this plane
[ERROR] 2020-02-07 13:07:51.605 [main] AirlineServiceImpl - Didn't add this plane information to repository
[DEBUG] 2020-02-07 13:07:51.607 [main] PlaneFactory - Start creating transport plane..
[DEBUG] 2020-02-07 13:07:51.607 [main] AirlineServiceImpl - Add to repository: PlaneID-2: typeOfPlane=TRANSPORT, passengerCapacity=2, takeoffWeight=5000.0, speed=950.0, flightDistance=2500.0, volumeOfAirContainer=3.6, typeOfTransportPlane=MILITARY
[DEBUG] 2020-02-07 13:07:51.607 [main] PlaneFactory - Start creating passenger plane..
[DEBUG] 2020-02-07 13:07:51.607 [main] AirlineServiceImpl - Add to repository: PlaneID-3: typeOfPlane=PASSENGER, passengerCapacity=80, takeoffWeight=3470.0, speed=970.0, flightDistance=2600.0, numberOfStewards=5, typeOfPassengerPlane=BUSINESS
[ERROR] 2020-02-07 13:07:51.607 [main] ValidatorForPlaneParameters - There isn't full information about this plane
[ERROR] 2020-02-07 13:07:51.609 [main] AirlineServiceImpl - Didn't add this plane information to repository
[DEBUG] 2020-02-07 13:07:51.609 [main] PlaneFactory - Start creating transport plane..
[DEBUG] 2020-02-07 13:07:51.609 [main] AirlineServiceImpl - Add to repository: PlaneID-4: typeOfPlane=TRANSPORT, passengerCapacity=4, takeoffWeight=4000.0, speed=950.0, flightDistance=2500.0, volumeOfAirContainer=5.9, typeOfTransportPlane=CIVILIAN
[ERROR] 2020-02-07 13:07:51.609 [main] AirlineServiceImpl - Didn't add this plane information to repository
[DEBUG] 2020-02-07 13:07:51.609 [main] PlaneFactory - Start creating passenger plane..
[DEBUG] 2020-02-07 13:07:51.610 [main] AirlineServiceImpl - Add to repository: PlaneID-6: typeOfPlane=PASSENGER, passengerCapacity=50, takeoffWeight=3445.0, speed=1600.0, flightDistance=2500.0, numberOfStewards=5, typeOfPassengerPlane=FIRST
[DEBUG] 2020-02-07 13:07:51.610 [main] PlaneFactory - Start creating passenger plane..
[ERROR] 2020-02-07 13:07:51.610 [main] CreatePlaneFromStringArray - Cant't parse data for passenger plane.
[ERROR] 2020-02-07 13:07:51.610 [main] AirlineServiceImpl - Didn't add this plane information to repository
[DEBUG] 2020-02-07 13:07:51.611 [main] PlaneFactory - Start creating transport plane..
[DEBUG] 2020-02-07 13:07:51.611 [main] AirlineServiceImpl - Add to repository: PlaneID-8: typeOfPlane=TRANSPORT, passengerCapacity=30, takeoffWeight=1300.0, speed=950.0, flightDistance=2300.0, volumeOfAirContainer=3.8, typeOfTransportPlane=CARGO
[DEBUG] 2020-02-07 13:07:51.611 [main] PlaneFactory - Start creating passenger plane..
[DEBUG] 2020-02-07 13:07:51.612 [main] AirlineServiceImpl - Add to repository: PlaneID-9: typeOfPlane=PASSENGER, passengerCapacity=240, takeoffWeight=3400.0, speed=1600.0, flightDistance=2330.0, numberOfStewards=5, typeOfPassengerPlane=ECONOMY
[ERROR] 2020-02-07 13:07:51.612 [main] AirlineServiceImpl - Didn't add this plane information to repository
[DEBUG] 2020-02-07 13:07:51.612 [main] PlaneFactory - Start creating passenger plane..
[DEBUG] 2020-02-07 13:07:51.612 [main] AirlineServiceImpl - Add to repository: PlaneID-10: typeOfPlane=PASSENGER, passengerCapacity=150, takeoffWeight=6300.0, speed=800.0, flightDistance=2300.0, numberOfStewards=5, typeOfPassengerPlane=BUSINESS
[DEBUG] 2020-02-07 13:07:51.613 [main] PlaneFactory - Start creating transport plane..
[DEBUG] 2020-02-07 13:07:51.613 [main] AirlineServiceImpl - Add to repository: PlaneID-11: typeOfPlane=TRANSPORT, passengerCapacity=4, takeoffWeight=4040.0, speed=650.0, flightDistance=2500.0, volumeOfAirContainer=4.1, typeOfTransportPlane=MILITARY
[DEBUG] 2020-02-07 13:07:51.613 [main] PlaneFactory - Start creating transport plane..
[DEBUG] 2020-02-07 13:07:51.614 [main] AirlineServiceImpl - Add to repository: PlaneID-12: typeOfPlane=TRANSPORT, passengerCapacity=5, takeoffWeight=4030.0, speed=1500.0, flightDistance=2500.0, volumeOfAirContainer=4.2, typeOfTransportPlane=CIVILIAN
[DEBUG] 2020-02-07 13:07:51.616 [main] AirlineRepositoryImpl - Get planes by specification: FindPlaneWithMaxSpeed
[DEBUG] 2020-02-07 13:07:51.616 [main] FindPlaneWithMaxSpeed - Find plane with max speed is ended: [PlaneID-6: typeOfPlane=PASSENGER, passengerCapacity=50, takeoffWeight=3445.0, speed=1600.0, flightDistance=2500.0, numberOfStewards=5, typeOfPassengerPlane=FIRST, PlaneID-9: typeOfPlane=PASSENGER, passengerCapacity=240, takeoffWeight=3400.0, speed=1600.0, flightDistance=2330.0, numberOfStewards=5, typeOfPassengerPlane=ECONOMY]
[DEBUG] 2020-02-07 13:07:51.617 [main] AirlineRepositoryImpl - Get planes by specification: FindPlaneWithMaxSpeed
[DEBUG] 2020-02-07 13:07:51.617 [main] FindPlaneWithMaxSpeed - Find plane with max speed is ended: [PlaneID-6: typeOfPlane=PASSENGER, passengerCapacity=50, takeoffWeight=3445.0, speed=1600.0, flightDistance=2500.0, numberOfStewards=5, typeOfPassengerPlane=FIRST, PlaneID-9: typeOfPlane=PASSENGER, passengerCapacity=240, takeoffWeight=3400.0, speed=1600.0, flightDistance=2330.0, numberOfStewards=5, typeOfPassengerPlane=ECONOMY]
[DEBUG] 2020-02-07 13:07:51.619 [main] AirlineRepositoryImpl - Get planes by specification: SortByFlightDistance
[DEBUG] 2020-02-07 13:07:51.619 [main] SortByFlightDistance - Result of sort: [PlaneID-1: typeOfPlane=PASSENGER, passengerCapacity=100, takeoffWeight=3400.0, speed=900.0, flightDistance=2000.0, numberOfStewards=5, typeOfPassengerPlane=ECONOMY, PlaneID-8: typeOfPlane=TRANSPORT, passengerCapacity=30, takeoffWeight=1300.0, speed=950.0, flightDistance=2300.0, volumeOfAirContainer=3.8, typeOfTransportPlane=CARGO, PlaneID-10: typeOfPlane=PASSENGER, passengerCapacity=150, takeoffWeight=6300.0, speed=800.0, flightDistance=2300.0, numberOfStewards=5, typeOfPassengerPlane=BUSINESS, PlaneID-9: typeOfPlane=PASSENGER, passengerCapacity=240, takeoffWeight=3400.0, speed=1600.0, flightDistance=2330.0, numberOfStewards=5, typeOfPassengerPlane=ECONOMY, PlaneID-2: typeOfPlane=TRANSPORT, passengerCapacity=2, takeoffWeight=5000.0, speed=950.0, flightDistance=2500.0, volumeOfAirContainer=3.6, typeOfTransportPlane=MILITARY, PlaneID-4: typeOfPlane=TRANSPORT, passengerCapacity=4, takeoffWeight=4000.0, speed=950.0, flightDistance=2500.0, volumeOfAirContainer=5.9, typeOfTransportPlane=CIVILIAN, PlaneID-6: typeOfPlane=PASSENGER, passengerCapacity=50, takeoffWeight=3445.0, speed=1600.0, flightDistance=2500.0, numberOfStewards=5, typeOfPassengerPlane=FIRST, PlaneID-11: typeOfPlane=TRANSPORT, passengerCapacity=4, takeoffWeight=4040.0, speed=650.0, flightDistance=2500.0, volumeOfAirContainer=4.1, typeOfTransportPlane=MILITARY, PlaneID-12: typeOfPlane=TRANSPORT, passengerCapacity=5, takeoffWeight=4030.0, speed=1500.0, flightDistance=2500.0, volumeOfAirContainer=4.2, typeOfTransportPlane=CIVILIAN, PlaneID-3: typeOfPlane=PASSENGER, passengerCapacity=80, takeoffWeight=3470.0, speed=970.0, flightDistance=2600.0, numberOfStewards=5, typeOfPassengerPlane=BUSINESS]
[DEBUG] 2020-02-07 13:07:51.622 [main] AirlineRepositoryImpl - Get planes by specification: FindPlaneById
[DEBUG] 2020-02-07 13:07:51.622 [main] FindPlaneById - Find plane by id is ended: [PlaneID-6: typeOfPlane=PASSENGER, passengerCapacity=50, takeoffWeight=3445.0, speed=1600.0, flightDistance=2500.0, numberOfStewards=5, typeOfPassengerPlane=FIRST]
[DEBUG] 2020-02-07 13:07:51.623 [main] AirlineRepositoryImpl - Get planes by specification: FindPlaneById
[DEBUG] 2020-02-07 13:07:51.623 [main] FindPlaneById - Find plane by id is ended: []
[DEBUG] 2020-02-07 13:07:51.625 [main] AirlineServiceImpl - Sum all takeoff weight was successful. Result is 38385.0
[DEBUG] 2020-02-07 13:07:51.626 [main] AirlineRepositoryImpl - Get planes by specification: FindPlaneFromPassengerCapacityInterval
[DEBUG] 2020-02-07 13:07:51.627 [main] FindPlaneFromPassengerCapacityInterval - Find plane in interval is ended: [PlaneID-3: typeOfPlane=PASSENGER, passengerCapacity=80, takeoffWeight=3470.0, speed=970.0, flightDistance=2600.0, numberOfStewards=5, typeOfPassengerPlane=BUSINESS, PlaneID-6: typeOfPlane=PASSENGER, passengerCapacity=50, takeoffWeight=3445.0, speed=1600.0, flightDistance=2500.0, numberOfStewards=5, typeOfPassengerPlane=FIRST]
[DEBUG] 2020-02-07 13:07:51.627 [main] AirlineRepositoryImpl - Get planes by specification: FindPlaneFromPassengerCapacityInterval
[DEBUG] 2020-02-07 13:07:51.628 [main] FindPlaneFromPassengerCapacityInterval - Find plane in interval is ended: [PlaneID-6: typeOfPlane=PASSENGER, passengerCapacity=50, takeoffWeight=3445.0, speed=1600.0, flightDistance=2500.0, numberOfStewards=5, typeOfPassengerPlane=FIRST]
[DEBUG] 2020-02-07 13:07:51.629 [main] AirlineRepositoryImpl - Get planes by specification: SortByFlightDistanceAndTypeOfPlane
[DEBUG] 2020-02-07 13:07:51.632 [main] SortByFlightDistanceAndTypeOfPlane - Result of sort: [PlaneID-1: typeOfPlane=PASSENGER, passengerCapacity=100, takeoffWeight=3400.0, speed=900.0, flightDistance=2000.0, numberOfStewards=5, typeOfPassengerPlane=ECONOMY, PlaneID-10: typeOfPlane=PASSENGER, passengerCapacity=150, takeoffWeight=6300.0, speed=800.0, flightDistance=2300.0, numberOfStewards=5, typeOfPassengerPlane=BUSINESS, PlaneID-8: typeOfPlane=TRANSPORT, passengerCapacity=30, takeoffWeight=1300.0, speed=950.0, flightDistance=2300.0, volumeOfAirContainer=3.8, typeOfTransportPlane=CARGO, PlaneID-9: typeOfPlane=PASSENGER, passengerCapacity=240, takeoffWeight=3400.0, speed=1600.0, flightDistance=2330.0, numberOfStewards=5, typeOfPassengerPlane=ECONOMY, PlaneID-11: typeOfPlane=TRANSPORT, passengerCapacity=4, takeoffWeight=4040.0, speed=650.0, flightDistance=2500.0, volumeOfAirContainer=4.1, typeOfTransportPlane=MILITARY, PlaneID-6: typeOfPlane=PASSENGER, passengerCapacity=50, takeoffWeight=3445.0, speed=1600.0, flightDistance=2500.0, numberOfStewards=5, typeOfPassengerPlane=FIRST, PlaneID-2: typeOfPlane=TRANSPORT, passengerCapacity=2, takeoffWeight=5000.0, speed=950.0, flightDistance=2500.0, volumeOfAirContainer=3.6, typeOfTransportPlane=MILITARY, PlaneID-4: typeOfPlane=TRANSPORT, passengerCapacity=4, takeoffWeight=4000.0, speed=950.0, flightDistance=2500.0, volumeOfAirContainer=5.9, typeOfTransportPlane=CIVILIAN, PlaneID-12: typeOfPlane=TRANSPORT, passengerCapacity=5, takeoffWeight=4030.0, speed=1500.0, flightDistance=2500.0, volumeOfAirContainer=4.2, typeOfTransportPlane=CIVILIAN, PlaneID-3: typeOfPlane=PASSENGER, passengerCapacity=80, takeoffWeight=3470.0, speed=970.0, flightDistance=2600.0, numberOfStewards=5, typeOfPassengerPlane=BUSINESS]
[DEBUG] 2020-02-07 13:07:51.634 [main] AirlineServiceImpl - Sum all passenger capacity was successful. Result is 665
[DEBUG] 2020-02-07 13:07:51.637 [main] FindPlaneById - Find plane by id is ended: [PlaneID-3: typeOfPlane=PASSENGER, passengerCapacity=80, takeoffWeight=3470.0, speed=970.0, flightDistance=2600.0, numberOfStewards=5, typeOfPassengerPlane=BUSINESS]
[DEBUG] 2020-02-07 13:07:51.640 [main] FindPlaneFromPassengerCapacityInterval - Find plane in interval is ended: [PlaneID-2: typeOfPlane=TRANSPORT, passengerCapacity=2, takeoffWeight=5000.0, speed=950.0, flightDistance=2500.0, volumeOfAirContainer=3.6, typeOfTransportPlane=MILITARY, PlaneID-4: typeOfPlane=TRANSPORT, passengerCapacity=4, takeoffWeight=4000.0, speed=950.0, flightDistance=2500.0, volumeOfAirContainer=5.9, typeOfTransportPlane=CIVILIAN]
[DEBUG] 2020-02-07 13:07:51.644 [main] FindPlaneWithMaxSpeed - Find plane with max speed is ended: [PlaneID-3: typeOfPlane=PASSENGER, passengerCapacity=80, takeoffWeight=3470.0, speed=970.0, flightDistance=2600.0, numberOfStewards=5, typeOfPassengerPlane=BUSINESS]
[DEBUG] 2020-02-07 13:07:51.648 [main] SortByFlightDistanceAndTypeOfPlane - Result of sort: [PlaneID-1: typeOfPlane=PASSENGER, passengerCapacity=100, takeoffWeight=3400.0, speed=900.0, flightDistance=2000.0, numberOfStewards=5, typeOfPassengerPlane=ECONOMY, PlaneID-2: typeOfPlane=TRANSPORT, passengerCapacity=2, takeoffWeight=5000.0, speed=950.0, flightDistance=2500.0, volumeOfAirContainer=3.6, typeOfTransportPlane=MILITARY, PlaneID-4: typeOfPlane=TRANSPORT, passengerCapacity=4, takeoffWeight=4000.0, speed=950.0, flightDistance=2500.0, volumeOfAirContainer=5.9, typeOfTransportPlane=CIVILIAN, PlaneID-3: typeOfPlane=PASSENGER, passengerCapacity=80, takeoffWeight=3470.0, speed=970.0, flightDistance=2600.0, numberOfStewards=5, typeOfPassengerPlane=BUSINESS]
[DEBUG] 2020-02-07 13:07:51.648 [main] SortByFlightDistance - Result of sort: [PlaneID-1: typeOfPlane=PASSENGER, passengerCapacity=100, takeoffWeight=3400.0, speed=900.0, flightDistance=2000.0, numberOfStewards=5, typeOfPassengerPlane=ECONOMY, PlaneID-2: typeOfPlane=TRANSPORT, passengerCapacity=2, takeoffWeight=5000.0, speed=950.0, flightDistance=2500.0, volumeOfAirContainer=3.6, typeOfTransportPlane=MILITARY, PlaneID-4: typeOfPlane=TRANSPORT, passengerCapacity=4, takeoffWeight=4000.0, speed=950.0, flightDistance=2500.0, volumeOfAirContainer=5.9, typeOfTransportPlane=CIVILIAN, PlaneID-3: typeOfPlane=PASSENGER, passengerCapacity=80, takeoffWeight=3470.0, speed=970.0, flightDistance=2600.0, numberOfStewards=5, typeOfPassengerPlane=BUSINESS]
[ERROR] 2020-02-07 13:07:51.657 [main] ValidatorForPlaneParameters - There isn't full information about this plane
